<?xml version="1.0" encoding="UTF-8"?>
<!-- Generated by org.testng.reporters.JUnitReportReporter -->
<testsuite hostname="DESKTOP-48KL7QE" failures="0" tests="1" name="DriverAction.DriverAction" time="40.559" errors="1" timestamp="2023-02-01T12:43:43 IST" skipped="0">
  <testcase classname="DriverAction.DriverAction" name="Action" time="40.559">
    <error message="An unknown server-side error occurred while processing the command. Original error: Cannot activate &#039;Api demos=&quot;+&quot;io.appium.android.apis&#039;. Original error: Error executing adbExec. Original error: &#039;Command &#039;C:\\Users\\HP\\AppData\\Local\\Android\\Sdk\\platform-tools\\adb.exe -P 5037 -s WCS8FQYHNVW8KNOV shell monkey -p &#039;Api demos=&quot;+&quot;io.appium.android.apis&#039; -c android.intent.category.LAUNCHER 1&#039; exited with code 255&#039;; Command output: args: [-p, Api, demos=+io.appium.android.apis, -c, android.intent.category.LAUNCHER, 1]
 arg: &quot;-p&quot;
 arg: &quot;Api&quot;
 arg: &quot;demos=+io.appium.android.apis&quot;
 arg: &quot;-c&quot;
 arg: &quot;android.intent.category.LAUNCHER&quot;
 arg: &quot;1&quot;
data=&quot;Api&quot;
** Error: Count is not a number: &quot;demos=+io.appium.android.apis&quot;
usage: monkey [-p ALLOWED_PACKAGE [-p ALLOWED_PACKAGE] ...]
              [-c MAIN_CATEGORY [-c MAIN_CATEGORY] ...]
              [--ignore-crashes] [--ignore-timeouts]
              [--ignore-security-exceptions]
              [--monitor-native-crashes] [--ignore-native-crashes]
              [--kill-process-after-error] [--hprof]
              [--match-description TEXT]
              [--pct-touch PERCENT] [--pct-motion PERCENT]
              [--pct-trackball PERCENT] [--pct-syskeys PERCENT]
              [--pct-nav PERCENT] [--pct-majornav PERCENT]
              [--pct-appswitch PERCENT] [--pct-flip PERCENT]
              [--pct-anyevent PERCENT] [--pct-pinchzoom PERCENT]
              [--pct-permission PERCENT]
              [--pkg-blacklist-file PACKAGE_BLACKLIST_FILE]
              [--pkg-whitelist-file PACKAGE_WHITELIST_FILE]
              [--wait-dbg] [--dbg-no-events]
              [--setup scriptfile] [-f scriptfile [-f scriptfile] ...]
              [--port port]
              [-s SEED] [-v [-v] ...]
              [--throttle MILLISEC] [--randomize-throttle]
              [--profile-wait MILLISEC]
              [--device-sleep-time MILLISEC]
              [--randomize-script]
              [--script-log]
              [--bugreport]
              [--periodic-bugreport]
              [--permission-target-system]
              COUNT


Build info: version: &#039;4.8.0&#039;, revision: &#039;267030adea&#039;
System info: os.name: &#039;Windows 10&#039;, os.arch: &#039;amd64&#039;, os.version: &#039;10.0&#039;, java.version: &#039;17.0.6&#039;
Driver info: io.appium.java_client.android.AndroidDriver
Command: [763a242c-ec97-4656-9fd1-682e76d665ec, activateApp {bundleId=Api demos=&quot;+&quot;io.appium.android.apis}]
Capabilities {appium:appActivity: .ApiDemos, appium:appPackage: io.appium.android.apis, appium:automationName: uiautomator2, appium:connectHardwareKeyboard: true, appium:databaseEnabled: false, appium:desired: {appActivity: .ApiDemos, appPackage: io.appium.android.apis, automationName: uiautomator2, connectHardwareKeyboard: true, deviceName: RajeshDevice, ensureWebviewsHavePages: true, nativeWebScreenshot: true, newCommandTimeout: 3600, noReset: true, platformName: android, udid: WCS8FQYHNVW8KNOV}, appium:deviceApiLevel: 31, appium:deviceManufacturer: realme, appium:deviceModel: RMX3197, appium:deviceName: WCS8FQYHNVW8KNOV, appium:deviceScreenDensity: 320, appium:deviceScreenSize: 720x1600, appium:deviceUDID: WCS8FQYHNVW8KNOV, appium:ensureWebviewsHavePages: true, appium:javascriptEnabled: true, appium:locationContextEnabled: false, appium:nativeWebScreenshot: true, appium:networkConnectionEnabled: true, appium:newCommandTimeout: 3600, appium:noReset: true, appium:pixelRatio: 2, appium:platformVersion: 12, appium:statBarHeight: 64, appium:takesScreenshot: true, appium:udid: WCS8FQYHNVW8KNOV, appium:viewportRect: {height: 1384, left: 0, top: 64, width: 720}, appium:warnings: {}, appium:webStorageEnabled: false, platformName: ANDROID}
Session ID: 763a242c-ec97-4656-9fd1-682e76d665ec" type="org.openqa.selenium.WebDriverException">
      <![CDATA[org.openqa.selenium.WebDriverException: An unknown server-side error occurred while processing the command. Original error: Cannot activate 'Api demos="+"io.appium.android.apis'. Original error: Error executing adbExec. Original error: 'Command 'C:\\Users\\HP\\AppData\\Local\\Android\\Sdk\\platform-tools\\adb.exe -P 5037 -s WCS8FQYHNVW8KNOV shell monkey -p 'Api demos="+"io.appium.android.apis' -c android.intent.category.LAUNCHER 1' exited with code 255'; Command output: args: [-p, Api, demos=+io.appium.android.apis, -c, android.intent.category.LAUNCHER, 1]
 arg: "-p"
 arg: "Api"
 arg: "demos=+io.appium.android.apis"
 arg: "-c"
 arg: "android.intent.category.LAUNCHER"
 arg: "1"
data="Api"
** Error: Count is not a number: "demos=+io.appium.android.apis"
usage: monkey [-p ALLOWED_PACKAGE [-p ALLOWED_PACKAGE] ...]
              [-c MAIN_CATEGORY [-c MAIN_CATEGORY] ...]
              [--ignore-crashes] [--ignore-timeouts]
              [--ignore-security-exceptions]
              [--monitor-native-crashes] [--ignore-native-crashes]
              [--kill-process-after-error] [--hprof]
              [--match-description TEXT]
              [--pct-touch PERCENT] [--pct-motion PERCENT]
              [--pct-trackball PERCENT] [--pct-syskeys PERCENT]
              [--pct-nav PERCENT] [--pct-majornav PERCENT]
              [--pct-appswitch PERCENT] [--pct-flip PERCENT]
              [--pct-anyevent PERCENT] [--pct-pinchzoom PERCENT]
              [--pct-permission PERCENT]
              [--pkg-blacklist-file PACKAGE_BLACKLIST_FILE]
              [--pkg-whitelist-file PACKAGE_WHITELIST_FILE]
              [--wait-dbg] [--dbg-no-events]
              [--setup scriptfile] [-f scriptfile [-f scriptfile] ...]
              [--port port]
              [-s SEED] [-v [-v] ...]
              [--throttle MILLISEC] [--randomize-throttle]
              [--profile-wait MILLISEC]
              [--device-sleep-time MILLISEC]
              [--randomize-script]
              [--script-log]
              [--bugreport]
              [--periodic-bugreport]
              [--permission-target-system]
              COUNT


Build info: version: '4.8.0', revision: '267030adea'
System info: os.name: 'Windows 10', os.arch: 'amd64', os.version: '10.0', java.version: '17.0.6'
Driver info: io.appium.java_client.android.AndroidDriver
Command: [763a242c-ec97-4656-9fd1-682e76d665ec, activateApp {bundleId=Api demos="+"io.appium.android.apis}]
Capabilities {appium:appActivity: .ApiDemos, appium:appPackage: io.appium.android.apis, appium:automationName: uiautomator2, appium:connectHardwareKeyboard: true, appium:databaseEnabled: false, appium:desired: {appActivity: .ApiDemos, appPackage: io.appium.android.apis, automationName: uiautomator2, connectHardwareKeyboard: true, deviceName: RajeshDevice, ensureWebviewsHavePages: true, nativeWebScreenshot: true, newCommandTimeout: 3600, noReset: true, platformName: android, udid: WCS8FQYHNVW8KNOV}, appium:deviceApiLevel: 31, appium:deviceManufacturer: realme, appium:deviceModel: RMX3197, appium:deviceName: WCS8FQYHNVW8KNOV, appium:deviceScreenDensity: 320, appium:deviceScreenSize: 720x1600, appium:deviceUDID: WCS8FQYHNVW8KNOV, appium:ensureWebviewsHavePages: true, appium:javascriptEnabled: true, appium:locationContextEnabled: false, appium:nativeWebScreenshot: true, appium:networkConnectionEnabled: true, appium:newCommandTimeout: 3600, appium:noReset: true, appium:pixelRatio: 2, appium:platformVersion: 12, appium:statBarHeight: 64, appium:takesScreenshot: true, appium:udid: WCS8FQYHNVW8KNOV, appium:viewportRect: {height: 1384, left: 0, top: 64, width: 720}, appium:warnings: {}, appium:webStorageEnabled: false, platformName: ANDROID}
Session ID: 763a242c-ec97-4656-9fd1-682e76d665ec
at java.base/jdk.internal.reflect.NativeConstructorAccessorImpl.newInstance0(Native Method)
at java.base/jdk.internal.reflect.NativeConstructorAccessorImpl.newInstance(NativeConstructorAccessorImpl.java:77)
at java.base/jdk.internal.reflect.DelegatingConstructorAccessorImpl.newInstance(DelegatingConstructorAccessorImpl.java:45)
at java.base/java.lang.reflect.Constructor.newInstanceWithCaller(Constructor.java:499)
at java.base/java.lang.reflect.Constructor.newInstance(Constructor.java:480)
at org.openqa.selenium.remote.codec.w3c.W3CHttpResponseCodec.createException(W3CHttpResponseCodec.java:200)
at org.openqa.selenium.remote.codec.w3c.W3CHttpResponseCodec.decode(W3CHttpResponseCodec.java:133)
at org.openqa.selenium.remote.codec.w3c.W3CHttpResponseCodec.decode(W3CHttpResponseCodec.java:53)
at org.openqa.selenium.remote.HttpCommandExecutor.execute(HttpCommandExecutor.java:184)
at io.appium.java_client.remote.AppiumCommandExecutor.execute(AppiumCommandExecutor.java:262)
at org.openqa.selenium.remote.RemoteWebDriver.execute(RemoteWebDriver.java:543)
at org.openqa.selenium.remote.RemoteWebDriver.execute(RemoteWebDriver.java:598)
at io.appium.java_client.AppiumDriver.execute(AppiumDriver.java:267)
at io.appium.java_client.CommandExecutionHelper.execute(CommandExecutionHelper.java:27)
at io.appium.java_client.InteractsWithApps.activateApp(InteractsWithApps.java:140)
at io.appium.java_client.InteractsWithApps.activateApp(InteractsWithApps.java:124)
at DriverAction.DriverAction.Action(DriverAction.java:27)
at java.base/jdk.internal.reflect.NativeMethodAccessorImpl.invoke0(Native Method)
at java.base/jdk.internal.reflect.NativeMethodAccessorImpl.invoke(NativeMethodAccessorImpl.java:77)
at java.base/jdk.internal.reflect.DelegatingMethodAccessorImpl.invoke(DelegatingMethodAccessorImpl.java:43)
at java.base/java.lang.reflect.Method.invoke(Method.java:568)
at org.testng.internal.MethodInvocationHelper.invokeMethod(MethodInvocationHelper.java:133)
at org.testng.internal.TestInvoker.invokeMethod(TestInvoker.java:598)
at org.testng.internal.TestInvoker.invokeTestMethod(TestInvoker.java:173)
at org.testng.internal.MethodRunner.runInSequence(MethodRunner.java:46)
at org.testng.internal.TestInvoker$MethodInvocationAgent.invoke(TestInvoker.java:824)
at org.testng.internal.TestInvoker.invokeTestMethods(TestInvoker.java:146)
at org.testng.internal.TestMethodWorker.invokeTestMethods(TestMethodWorker.java:146)
at org.testng.internal.TestMethodWorker.run(TestMethodWorker.java:128)
at java.base/java.util.ArrayList.forEach(ArrayList.java:1511)
at org.testng.TestRunner.privateRun(TestRunner.java:794)
at org.testng.TestRunner.run(TestRunner.java:596)
at org.testng.SuiteRunner.runTest(SuiteRunner.java:377)
at org.testng.SuiteRunner.runSequentially(SuiteRunner.java:371)
at org.testng.SuiteRunner.privateRun(SuiteRunner.java:332)
at org.testng.SuiteRunner.run(SuiteRunner.java:276)
at org.testng.SuiteRunnerWorker.runSuite(SuiteRunnerWorker.java:53)
at org.testng.SuiteRunnerWorker.run(SuiteRunnerWorker.java:96)
at org.testng.TestNG.runSuitesSequentially(TestNG.java:1212)
at org.testng.TestNG.runSuitesLocally(TestNG.java:1134)
at org.testng.TestNG.runSuites(TestNG.java:1063)
at org.testng.TestNG.run(TestNG.java:1031)
at org.testng.remote.AbstractRemoteTestNG.run(AbstractRemoteTestNG.java:115)
at org.testng.remote.RemoteTestNG.initAndRun(RemoteTestNG.java:251)
at org.testng.remote.RemoteTestNG.main(RemoteTestNG.java:77)
]]>
    </error>
  </testcase> <!-- Action -->
  <system-out/>
</testsuite> <!-- DriverAction.DriverAction -->
