<?xml version="1.0" encoding="UTF-8"?>
<!-- Generated by org.testng.reporters.JUnitReportReporter -->
<testsuite hostname="DESKTOP-48KL7QE" failures="0" tests="1" name="DriverAction.CloseApp" time="5.043" errors="0" timestamp="2023-02-01T13:17:31 IST" skipped="0">
  <testcase classname="DriverAction.CloseApp" name="Close" time="5.043"/>
  <system-out/>
</testsuite> <!-- DriverAction.CloseApp -->
