<?xml version="1.0" encoding="UTF-8"?>
<!-- Generated by org.testng.reporters.JUnitReportReporter -->
<testsuite hostname="DESKTOP-48KL7QE" failures="0" tests="1" name="TestScripts.ScrollWithElement" time="16.925" errors="0" timestamp="2023-03-10T11:02:36 IST" skipped="0">
  <testcase classname="TestScripts.ScrollWithElement" name="scroll" time="16.925"/>
  <system-out/>
</testsuite> <!-- TestScripts.ScrollWithElement -->
