<?xml version="1.0" encoding="UTF-8"?>
<!-- Generated by org.testng.reporters.JUnitReportReporter -->
<testsuite hostname="DESKTOP-48KL7QE" failures="0" tests="1" name="DriverAction.DriverActions2" time="85.696" errors="0" timestamp="2023-03-10T16:25:23 IST" skipped="0">
  <testcase classname="DriverAction.DriverActions2" name="actions" time="85.696"/>
  <system-out/>
</testsuite> <!-- DriverAction.DriverActions2 -->
