<?xml version="1.0" encoding="UTF-8"?>
<!-- Generated by org.testng.reporters.JUnitReportReporter -->
<testsuite hostname="DESKTOP-48KL7QE" failures="0" tests="1" name="TestScripts.DragAndDrop" time="31.384" errors="0" timestamp="2023-03-10T11:02:04 IST" skipped="0">
  <testcase classname="TestScripts.DragAndDrop" name="dragDrop" time="31.384"/>
  <system-out/>
</testsuite> <!-- TestScripts.DragAndDrop -->
