<?xml version="1.0" encoding="UTF-8"?>
<!-- Generated by org.testng.reporters.JUnitReportReporter -->
<testsuite hostname="DESKTOP-48KL7QE" failures="0" tests="1" name="DriverAction.CaptureToastMsg" time="14.786" errors="0" timestamp="2023-03-10T15:20:20 IST" skipped="0">
  <testcase classname="DriverAction.CaptureToastMsg" name="toastMsg" time="14.786"/>
  <system-out/>
</testsuite> <!-- DriverAction.CaptureToastMsg -->
