<?xml version="1.0" encoding="UTF-8"?>
<!-- Generated by org.testng.reporters.JUnitReportReporter -->
<testsuite hostname="DESKTOP-48KL7QE" failures="0" tests="1" name="ChromeBrowser.SwitchControl" time="37.669" errors="0" timestamp="2023-03-14T11:49:55 IST" skipped="0">
  <testcase classname="ChromeBrowser.SwitchControl" name="switchs" time="37.669"/>
  <system-out/>
</testsuite> <!-- ChromeBrowser.SwitchControl -->
