<?xml version="1.0" encoding="UTF-8"?>
<!-- Generated by org.testng.reporters.JUnitReportReporter -->
<testsuite hostname="DESKTOP-48KL7QE" failures="0" tests="1" name="ChromeBrowser.lounchBrowser" time="50.153" errors="0" timestamp="2023-03-14T16:35:11 IST" skipped="0">
  <testcase classname="ChromeBrowser.lounchBrowser" name="loch" time="50.153"/>
  <system-out/>
</testsuite> <!-- ChromeBrowser.lounchBrowser -->
